<?xml version="1.0" encoding="UTF-8"?>
<!-- Generated by org.testng.reporters.JUnitReportReporter -->
<testsuite hostname="DESKTOP-EIOB9NI" failures="0" tests="6" name="practice.DataProviderAnnotationTest" time="0.855" errors="0" timestamp="2021-12-26T19:02:08 IST" skipped="0">
  <testcase classname="practice.DataProviderAnnotationTest" name="readDataFromDataProvider" time="0.003"/>
  <system-out/>
  <testcase classname="practice.DataProviderAnnotationTest" name="readDataFromDataProvider" time="0.009"/>
  <system-out/>
  <testcase classname="practice.DataProviderAnnotationTest" name="readDataFromDataProvider" time="0.002"/>
  <system-out/>
  <testcase classname="practice.DataProviderAnnotationTest" name="readDataFromDataProvider" time="0.004"/>
  <system-out/>
  <testcase classname="practice.DataProviderAnnotationTest" name="readDataFromDataProvider" time="0.006"/>
  <system-out/>
  <testcase classname="practice.DataProviderAnnotationTest" name="setExcelData" time="0.831"/>
  <system-out/>
</testsuite> <!-- practice.DataProviderAnnotationTest -->
