<?xml version="1.0" encoding="UTF-8"?>
<!-- Generated by org.testng.reporters.JUnitReportReporter -->
<testsuite hostname="DESKTOP-EIOB9NI" failures="0" tests="1" name="practice.CreatePurchaseOrderWithItemAndAddServiceTest" time="28.375" errors="0" timestamp="2021-12-25T15:43:21 IST" skipped="0">
  <testcase classname="practice.CreatePurchaseOrderWithItemAndAddServiceTest" name="CreateNewPurchaseOrderTest" time="28.375"/>
  <system-out/>
</testsuite> <!-- practice.CreatePurchaseOrderWithItemAndAddServiceTest -->
