<?xml version="1.0" encoding="UTF-8"?>
<!-- Generated by org.testng.reporters.JUnitReportReporter -->
<testsuite hostname="DESKTOP-EIOB9NI" failures="0" tests="1" name="com.crm.autodesk.contacttest.CreateContactWithOrganizationTest" time="18.151" errors="0" timestamp="2021-12-28T10:23:48 IST" skipped="0">
  <testcase classname="com.crm.autodesk.contacttest.CreateContactWithOrganizationTest" name="createContactWithOrg" time="18.151"/>
  <system-out>
    <![CDATA[Contact created with organization...Test script pass...]]>
  </system-out>
</testsuite> <!-- com.crm.autodesk.contacttest.CreateContactWithOrganizationTest -->
