<?xml version="1.0" encoding="UTF-8"?>
<!-- Generated by org.testng.reporters.JUnitReportReporter -->
<testsuite hostname="DESKTOP-EIOB9NI" failures="0" tests="3" name="practice.DataProviderDemoTest" time="0.009" errors="0" timestamp="2021-12-23T17:50:16 IST" skipped="0">
  <testcase classname="practice.DataProviderDemoTest" name="readDataFromDataProviderTest" time="0.001"/>
  <system-out/>
  <testcase classname="practice.DataProviderDemoTest" name="readDataFromDataProviderTest" time="0.006"/>
  <system-out/>
  <testcase classname="practice.DataProviderDemoTest" name="readDataFromDataProviderTest" time="0.002"/>
  <system-out/>
</testsuite> <!-- practice.DataProviderDemoTest -->
