<?xml version="1.0" encoding="UTF-8"?>
<!-- Generated by org.testng.reporters.JUnitReportReporter -->
<testsuite hostname="DESKTOP-EIOB9NI" failures="0" tests="1" name="com.crm.autodesk.producttest.CreateProductWithVendorTest" time="11.187" errors="0" timestamp="2021-12-28T06:19:49 IST" skipped="0">
  <testcase classname="com.crm.autodesk.producttest.CreateProductWithVendorTest" name="createProductWithVendorTest" time="11.187"/>
  <system-out>
    <![CDATA[product created successfully...Pass]]>
  </system-out>
</testsuite> <!-- com.crm.autodesk.producttest.CreateProductWithVendorTest -->
