<?xml version="1.0" encoding="UTF-8"?>
<!-- Generated by org.testng.reporters.JUnitReportReporter -->
<testsuite hostname="DESKTOP-EIOB9NI" failures="0" tests="1" name="com.crm.autodest.orgtest.CreateOrgWithIndustryTypetest" time="17.082" errors="0" timestamp="2021-12-24T13:54:17 IST" skipped="0">
  <testcase classname="com.crm.autodest.orgtest.CreateOrgWithIndustryTypetest" name="createOrg" time="17.082"/>
  <system-out/>
</testsuite> <!-- com.crm.autodest.orgtest.CreateOrgWithIndustryTypetest -->
